Change Component Designator: Old Designator=C52 New Designator=C?
Change Component Designator: Old Designator=C52 New Designator=C?
Change Component Designator: Old Designator=C53 New Designator=C?
Change Component Designator: Old Designator=C54 New Designator=C?
Change Component Designator: Old Designator=C54 New Designator=C?
Change Component Designator: Old Designator=CN10 New Designator=CN?
Change Component Designator: Old Designator=CN10 New Designator=CN?
Change Component Designator: Old Designator=CN10 New Designator=CN?
Change Component Designator: Old Designator=CN11 New Designator=CN?
Change Component Designator: Old Designator=CN11 New Designator=CN?
Change Component Designator: Old Designator=CN11 New Designator=CN?
Change Component Designator: Old Designator=CN11 New Designator=CN?
Change Component Designator: Old Designator=CN11 New Designator=CN?
Change Component Designator: Old Designator=CN16 New Designator=CN?
Change Component Designator: Old Designator=CN16 New Designator=CN?
Change Component Designator: Old Designator=CN17 New Designator=CN?
Change Component Designator: Old Designator=CN18 New Designator=CN?
Change Component Designator: Old Designator=CN18 New Designator=CN?
Change Component Designator: Old Designator=D12 New Designator=D?
Change Component Designator: Old Designator=D12 New Designator=D?
Change Component Designator: Old Designator=D13 New Designator=D?
Change Component Designator: Old Designator=D14 New Designator=D?
Change Component Designator: Old Designator=D14 New Designator=D?
Change Component Designator: Old Designator=D16 New Designator=D?
Change Component Designator: Old Designator=D16 New Designator=D?
Change Component Designator: Old Designator=D17 New Designator=D?
Change Component Designator: Old Designator=D19 New Designator=D?
Change Component Designator: Old Designator=D20 New Designator=D?
Change Component Designator: Old Designator=D20 New Designator=D?
Change Component Designator: Old Designator=D21 New Designator=D?
Change Component Designator: Old Designator=D21 New Designator=D?
Change Component Designator: Old Designator=LED7 New Designator=LED?
Change Component Designator: Old Designator=LED7 New Designator=LED?
Change Component Designator: Old Designator=LED7 New Designator=LED?
Change Component Designator: Old Designator=Q2 New Designator=Q?
Change Component Designator: Old Designator=Q2 New Designator=Q?
Change Component Designator: Old Designator=Q2 New Designator=Q?
Change Component Designator: Old Designator=R73 New Designator=R?
Change Component Designator: Old Designator=R73 New Designator=R?
Change Component Designator: Old Designator=R74 New Designator=R?
